<?xml version="1.0" encoding="UTF-8"?>
<!-- Generated by org.testng.reporters.JUnitXMLReporter -->
<testsuite ignored="0" hostname="DESKTOP-5CMT1P5" failures="0" tests="2" name="Default test" time="0.109" errors="0" timestamp="09 May 2022 16:01:48 GMT">
  <testcase classname="maven_sample1.ReadingdataFromcommandlineTest" name="readingdataFromcmdlinetest" time="0.024"/>
  <testcase classname="maven_sample1.ReadingdataFromcommandlineTest" name="regressionTest" time="0.009"/>
</testsuite> <!-- Default test -->
