<?xml version="1.0" encoding="UTF-8"?>
<!-- Generated by org.testng.reporters.JUnitXMLReporter -->
<testsuite ignored="1" hostname="DESKTOP-5CMT1P5" failures="0" tests="1" name="Test" time="0.086" errors="0" timestamp="09 May 2022 16:13:28 GMT">
  <testcase classname="maven_sample1.ReadingdataFromcommandlineTest" name="readingdataFromcmdlinetest" time="0.04"/>
  <testcase classname="maven_sample1.ReadingdataFromcommandlineTest" name="regressionTest" time="0.0">
    <ignored/>
  </testcase> <!-- regressionTest -->
</testsuite> <!-- Test -->
