<?xml version="1.0" encoding="UTF-8"?>
<testng-results ignored="1" total="2" passed="1" failed="0" skipped="0">
  <reporter-output>
  </reporter-output>
  <suite started-at="2022-05-09T16:13:28Z" name="Suite" finished-at="2022-05-09T16:13:28Z" duration-ms="86">
    <groups>
      <group name="smoke">
        <method signature="ReadingdataFromcommandlineTest.readingdataFromcmdlinetest()[pri:0, instance:maven_sample1.ReadingdataFromcommandlineTest@1339e7aa]" name="readingdataFromcmdlinetest" class="maven_sample1.ReadingdataFromcommandlineTest"/>
      </group> <!-- smoke -->
    </groups>
    <test started-at="2022-05-09T16:13:28Z" name="Test" finished-at="2022-05-09T16:13:28Z" duration-ms="86">
      <class name="maven_sample1.ReadingdataFromcommandlineTest">
        <test-method signature="readingdataFromcmdlinetest()[pri:0, instance:maven_sample1.ReadingdataFromcommandlineTest@1339e7aa]" started-at="2022-05-09T16:13:28Z" name="readingdataFromcmdlinetest" finished-at="2022-05-09T16:13:28Z" duration-ms="40" status="PASS">
          <reporter-output>
          </reporter-output>
        </test-method> <!-- readingdataFromcmdlinetest -->
      </class> <!-- maven_sample1.ReadingdataFromcommandlineTest -->
    </test> <!-- Test -->
  </suite> <!-- Suite -->
</testng-results>
